<?xml version="1.0" encoding="UTF-8"?>
<!-- Generated by org.testng.reporters.JUnitReportReporter -->
<testsuite hostname="SPT-LPT-0299" failures="0" tests="1" name="com.xem.qa.testcases.LoginPageTest" time="39.468" errors="0" timestamp="15 Jan 2020 13:25:38 GMT" skipped="0">
  <testcase classname="com.xem.qa.testcases.LoginPageTest" name="loginTest" time="39.468"/>
</testsuite> <!-- com.xem.qa.testcases.LoginPageTest -->
