<?xml version="1.0" encoding="UTF-8"?>
<!-- Generated by org.testng.reporters.JUnitReportReporter -->
<testsuite hostname="SPT-LPT-0299" failures="0" tests="1" name="com.xem.qa.testcases.HomePageTest" time="43.934" errors="0" timestamp="20 Jan 2020 13:14:55 GMT" skipped="0">
  <testcase classname="com.xem.qa.testcases.HomePageTest" name="searchTest" time="43.934"/>
</testsuite> <!-- com.xem.qa.testcases.HomePageTest -->
