<?xml version="1.0" encoding="UTF-8"?>
<!-- Generated by org.testng.reporters.JUnitReportReporter -->
<testsuite hostname="SPT-LPT-0297" failures="0" tests="1" name="com.xem.qa.testcases.LoginPageTest" time="33.529" errors="0" timestamp="31 Jan 2020 08:09:15 GMT" skipped="0">
  <testcase classname="com.xem.qa.testcases.LoginPageTest" name="loginTest" time="33.529"/>
</testsuite> <!-- com.xem.qa.testcases.LoginPageTest -->
